Build started 10/8/2014 3:14:56 PM.
     1>Project "C:\Users\triosStudent\Documents\Visual Studio 2012\Projects\WinStoreC++\WinStore-C-plus-plus\WinMDCPPLibrary\WinMDCPPLibrary\WinMDCPPLibrary.vcxproj" on node 2 (Build target(s)).
     1>ClCompile:
         C:\Program Files (x86)\Microsoft Visual Studio 11.0\VC\bin\CL.exe /c /I"C:\Users\triosStudent\Documents\Visual Studio 2012\Projects\WinStoreC++\WinStore-C-plus-plus\WinMDCPPLibrary\WinMDCPPLibrary\\" /I"Generated Files\\" /IDebug\ /ZI /ZW /ZW:nostdlib /nologo /W3 /WX- /sdl /MP /Od /Oy- /D _WINRT_DLL /D _WINDLL /D _UNICODE /D UNICODE /D _DEBUG /D WINAPI_FAMILY=WINAPI_FAMILY_APP /Gm- /EHsc /RTC1 /MDd /GS /fp:precise /Zc:wchar_t /Zc:forScope /Yu"pch.h" /Fp"Debug\pch.pch" /Fo"Debug\\" /Fd"Debug\vc110.pdb" /Gd /TP /FU"C:\Program Files (x86)\Microsoft SDKs\Windows\v8.0\ExtensionSDKs\Microsoft.VCLibs\11.0\References\CommonConfiguration\neutral\platform.winmd" /FU"C:\Program Files (x86)\Windows Kits\8.0\References\CommonConfiguration\Neutral\Windows.winmd" /FU"C:\Program Files (x86)\Windows Kits\8.0\References\CommonConfiguration\Neutral\Windows.winmd" /analyze- /errorReport:prompt /bigobj SampleUtility.cpp
         SampleUtility.cpp
     1>c:\users\triosstudent\documents\visual studio 2012\projects\winstorec++\winstore-c-plus-plus\winmdcpplibrary\winmdcpplibrary\sampleutility.cpp(2): warning C4627: '#include <regex>': skipped when looking for precompiled header use
                 Add directive to 'pch.h' or rebuild precompiled header
     1>c:\users\triosstudent\documents\visual studio 2012\projects\winstorec++\winstore-c-plus-plus\winmdcpplibrary\winmdcpplibrary\sampleutility.cpp(13): error C2601: 'WinMDCPPLibrary::SampleUtility::IsMailAddress' : local function definitions are illegal
                 c:\users\triosstudent\documents\visual studio 2012\projects\winstorec++\winstore-c-plus-plus\winmdcpplibrary\winmdcpplibrary\sampleutility.cpp(11): this line contains a '{' which has not yet been matched
     1>c:\users\triosstudent\documents\visual studio 2012\projects\winstorec++\winstore-c-plus-plus\winmdcpplibrary\winmdcpplibrary\sampleutility.cpp(14): error C3083: 'tr1': the symbol to the left of a '::' must be a type
     1>c:\users\triosstudent\documents\visual studio 2012\projects\winstorec++\winstore-c-plus-plus\winmdcpplibrary\winmdcpplibrary\sampleutility.cpp(14): error C2039: 'wregex' : is not a member of 'std'
     1>c:\users\triosstudent\documents\visual studio 2012\projects\winstorec++\winstore-c-plus-plus\winmdcpplibrary\winmdcpplibrary\sampleutility.cpp(14): error C2065: 'wregex' : undeclared identifier
     1>c:\users\triosstudent\documents\visual studio 2012\projects\winstorec++\winstore-c-plus-plus\winmdcpplibrary\winmdcpplibrary\sampleutility.cpp(14): error C2146: syntax error : missing ';' before identifier 'rx'
     1>c:\users\triosstudent\documents\visual studio 2012\projects\winstorec++\winstore-c-plus-plus\winmdcpplibrary\winmdcpplibrary\sampleutility.cpp(14): error C3861: 'rx': identifier not found
     1>c:\users\triosstudent\documents\visual studio 2012\projects\winstorec++\winstore-c-plus-plus\winmdcpplibrary\winmdcpplibrary\sampleutility.cpp(15): error C3083: 'tr1': the symbol to the left of a '::' must be a type
     1>c:\users\triosstudent\documents\visual studio 2012\projects\winstorec++\winstore-c-plus-plus\winmdcpplibrary\winmdcpplibrary\sampleutility.cpp(15): error C2039: 'regex_match' : is not a member of 'std'
     1>c:\users\triosstudent\documents\visual studio 2012\projects\winstorec++\winstore-c-plus-plus\winmdcpplibrary\winmdcpplibrary\sampleutility.cpp(15): error C2065: 'regex_match' : undeclared identifier
     1>c:\users\triosstudent\documents\visual studio 2012\projects\winstorec++\winstore-c-plus-plus\winmdcpplibrary\winmdcpplibrary\sampleutility.cpp(15): error C2059: syntax error : 'const'
     1>Done Building Project "C:\Users\triosStudent\Documents\Visual Studio 2012\Projects\WinStoreC++\WinStore-C-plus-plus\WinMDCPPLibrary\WinMDCPPLibrary\WinMDCPPLibrary.vcxproj" (Build target(s)) -- FAILED.

Build FAILED.

Time Elapsed 00:00:00.17
